<?xml version="1.0" encoding="UTF-8"?>
<testng-results ignored="0" total="1" passed="1" failed="0" skipped="0">
  <reporter-output>
    <line>
      <![CDATA[==>VALIDATION SUCCESSFUL//ELEMENT IS VISIBLE<==]]>
    </line>
    <line>
      <![CDATA[==>VALIDATION SUCCESSFUL//ELEMENT IS ENABLED <==]]>
    </line>
    <line>
      <![CDATA[==>VALIDATION SUCCESSFUL//ELEMENT IS VISIBLE<==]]>
    </line>
    <line>
      <![CDATA[==>VALIDATION SUCCESSFUL//ELEMENT IS VISIBLE<==]]>
    </line>
    <line>
      <![CDATA[==>VALIDATION SUCCESSFUL//ELEMENT IS VISIBLE<==]]>
    </line>
    <line>
      <![CDATA[==>VALIDATION SUCCESSFUL//ELEMENT IS ENABLED <==]]>
    </line>
    <line>
      <![CDATA[==>VALIDATION SUCCESSFUL//ELEMENT IS VISIBLE<==]]>
    </line>
    <line>
      <![CDATA[==>VALIDATION SUCCESSFUL//ELEMENT IS VISIBLE<==]]>
    </line>
    <line>
      <![CDATA[==>VALIDATION SUCCESSFUL//ELEMENT IS ENABLED <==]]>
    </line>
    <line>
      <![CDATA[==>VALIDATION SUCCESSFUL//ELEMENT IS VISIBLE<==]]>
    </line>
    <line>
      <![CDATA[==>VALIDATION SUCCESSFUL//ELEMENT IS VISIBLE<==]]>
    </line>
    <line>
      <![CDATA[==>VALIDATION SUCCESSFUL//ELEMENT IS ENABLED <==]]>
    </line>
    <line>
      <![CDATA[==>VALIDATION SUCCESSFUL//ELEMENT IS VISIBLE<==]]>
    </line>
    <line>
      <![CDATA[==>VALIDATION SUCCESSFUL//ELEMENT IS VISIBLE<==]]>
    </line>
    <line>
      <![CDATA[==>VALIDATION SUCCESSFUL//ELEMENT IS VISIBLE<==]]>
    </line>
    <line>
      <![CDATA[==>VALIDATION SUCCESSFUL//ELEMENT IS VISIBLE<==]]>
    </line>
    <line>
      <![CDATA[==>VALIDATION SUCCESSFUL//ELEMENT IS VISIBLE<==]]>
    </line>
    <line>
      <![CDATA[==>VALIDATION SUCCESSFUL//ELEMENT IS VISIBLE<==]]>
    </line>
    <line>
      <![CDATA[==>VALIDATION SUCCESSFUL//ELEMENT IS VISIBLE<==]]>
    </line>
    <line>
      <![CDATA[==>VALIDATION SUCCESSFUL//ELEMENT IS VISIBLE<==]]>
    </line>
    <line>
      <![CDATA[==>VALIDATION SUCCESSFUL//ELEMENT IS VISIBLE<==]]>
    </line>
    <line>
      <![CDATA[==>VALIDATION SUCCESSFUL//ELEMENT IS VISIBLE<==]]>
    </line>
    <line>
      <![CDATA[==>VALIDATION SUCCESSFUL//ELEMENT IS VISIBLE<==]]>
    </line>
    <line>
      <![CDATA[==>VALIDATION SUCCESSFUL//ELEMENT IS VISIBLE<==]]>
    </line>
    <line>
      <![CDATA[==>VALIDATION SUCCESSFUL//ELEMENT IS ENABLED <==]]>
    </line>
    <line>
      <![CDATA[==>VALIDATION SUCCESSFUL//ELEMENT IS VISIBLE<==]]>
    </line>
    <line>
      <![CDATA[==>VALIDATION SUCCESSFUL//ELEMENT IS VISIBLE<==]]>
    </line>
    <line>
      <![CDATA[==>VALIDATION SUCCESSFUL//ELEMENT IS ENABLED <==]]>
    </line>
    <line>
      <![CDATA[==>VALIDATION SUCCESSFUL//ELEMENT IS VISIBLE<==]]>
    </line>
    <line>
      <![CDATA[==>VALIDATION SUCCESSFUL//ELEMENT IS VISIBLE<==]]>
    </line>
    <line>
      <![CDATA[==>VALIDATION SUCCESSFUL//ELEMENT IS ENABLED <==]]>
    </line>
    <line>
      <![CDATA[==>VALIDATION SUCCESSFUL//ELEMENT IS VISIBLE<==]]>
    </line>
    <line>
      <![CDATA[==>VALIDATION SUCCESSFUL//ELEMENT IS VISIBLE<==]]>
    </line>
    <line>
      <![CDATA[==>VALIDATION SUCCESSFUL//ELEMENT IS ENABLED <==]]>
    </line>
    <line>
      <![CDATA[==>VALIDATION SUCCESSFUL//ELEMENT IS VISIBLE<==]]>
    </line>
    <line>
      <![CDATA[==>VALIDATION SUCCESSFUL//ELEMENT IS VISIBLE<==]]>
    </line>
    <line>
      <![CDATA[==>VALIDATION SUCCESSFUL//ELEMENT IS ENABLED <==]]>
    </line>
    <line>
      <![CDATA[==>VALIDATION SUCCESSFUL//ELEMENT IS VISIBLE<==]]>
    </line>
    <line>
      <![CDATA[==>VALIDATION SUCCESSFUL//ELEMENT IS VISIBLE<==]]>
    </line>
    <line>
      <![CDATA[==>VALIDATION SUCCESSFUL//ELEMENT IS ENABLED <==]]>
    </line>
    <line>
      <![CDATA[==>VALIDATION SUCCESSFUL//ELEMENT IS VISIBLE<==]]>
    </line>
    <line>
      <![CDATA[==>VALIDATION SUCCESSFUL//ELEMENT IS VISIBLE<==]]>
    </line>
    <line>
      <![CDATA[==>VALIDATION SUCCESSFUL//ELEMENT IS ENABLED <==]]>
    </line>
    <line>
      <![CDATA[==>VALIDATION SUCCESSFUL//ELEMENT IS VISIBLE<==]]>
    </line>
    <line>
      <![CDATA[==>VALIDATION SUCCESSFUL//ELEMENT IS VISIBLE<==]]>
    </line>
    <line>
      <![CDATA[==>VALIDATION SUCCESSFUL//ELEMENT IS ENABLED <==]]>
    </line>
    <line>
      <![CDATA[==>VALIDATION SUCCESSFUL//ELEMENT IS VISIBLE<==]]>
    </line>
    <line>
      <![CDATA[==>VALIDATION SUCCESSFUL//ELEMENT IS VISIBLE<==]]>
    </line>
    <line>
      <![CDATA[==>VALIDATION SUCCESSFUL//ELEMENT IS ENABLED <==]]>
    </line>
    <line>
      <![CDATA[==>VALIDATION SUCCESSFUL//ELEMENT IS VISIBLE<==]]>
    </line>
    <line>
      <![CDATA[==>VALIDATION SUCCESSFUL//ELEMENT IS VISIBLE<==]]>
    </line>
    <line>
      <![CDATA[==>VALIDATION SUCCESSFUL//ELEMENT IS ENABLED <==]]>
    </line>
    <line>
      <![CDATA[==>VALIDATION SUCCESSFUL//ELEMENT IS VISIBLE<==]]>
    </line>
    <line>
      <![CDATA[==>VALIDATION SUCCESSFUL//ELEMENT IS VISIBLE<==]]>
    </line>
    <line>
      <![CDATA[==>VALIDATION SUCCESSFUL//ELEMENT IS ENABLED <==]]>
    </line>
    <line>
      <![CDATA[==>VALIDATION SUCCESSFUL//ELEMENT IS VISIBLE<==]]>
    </line>
    <line>
      <![CDATA[==>VALIDATION SUCCESSFUL//ELEMENT IS VISIBLE<==]]>
    </line>
    <line>
      <![CDATA[==>VALIDATION SUCCESSFUL//ELEMENT IS ENABLED <==]]>
    </line>
    <line>
      <![CDATA[==>VALIDATION SUCCESSFUL//ELEMENT IS VISIBLE<==]]>
    </line>
    <line>
      <![CDATA[==>VALIDATION FAIL//ELEMENT IS NOT VISIBLE<==]]>
    </line>
    <line>
      <![CDATA[==>VALIDATION SUCCESSFUL//ELEMENT IS ENABLED <==]]>
    </line>
    <line>
      <![CDATA[==>VALIDATION SUCCESSFUL//ELEMENT IS VISIBLE<==]]>
    </line>
    <line>
      <![CDATA[==>VALIDATION SUCCESSFUL//ELEMENT IS VISIBLE<==]]>
    </line>
    <line>
      <![CDATA[==>VALIDATION SUCCESSFUL//ELEMENT IS ENABLED <==]]>
    </line>
    <line>
      <![CDATA[==>VALIDATION SUCCESSFUL//ELEMENT IS VISIBLE<==]]>
    </line>
    <line>
      <![CDATA[==>VALIDATION SUCCESSFUL//ELEMENT IS VISIBLE<==]]>
    </line>
    <line>
      <![CDATA[==>VALIDATION SUCCESSFUL//ELEMENT IS ENABLED <==]]>
    </line>
    <line>
      <![CDATA[==>VALIDATION SUCCESSFUL//ELEMENT IS VISIBLE<==]]>
    </line>
    <line>
      <![CDATA[==>VALIDATION FAIL//ELEMENT IS NOT VISIBLE<==]]>
    </line>
    <line>
      <![CDATA[==>VALIDATION SUCCESSFUL//ELEMENT IS ENABLED <==]]>
    </line>
    <line>
      <![CDATA[==>VALIDATION SUCCESSFUL//ELEMENT IS VISIBLE<==]]>
    </line>
    <line>
      <![CDATA[==>VALIDATION SUCCESSFUL//ELEMENT IS VISIBLE<==]]>
    </line>
    <line>
      <![CDATA[==>VALIDATION SUCCESSFUL//ELEMENT IS VISIBLE<==]]>
    </line>
    <line>
      <![CDATA[==>VALIDATION SUCCESSFUL//ELEMENT IS ENABLED <==]]>
    </line>
    <line>
      <![CDATA[==>VALIDATION SUCCESSFUL//ELEMENT IS VISIBLE<==]]>
    </line>
    <line>
      <![CDATA[==>VALIDATION SUCCESSFUL//ELEMENT IS VISIBLE<==]]>
    </line>
    <line>
      <![CDATA[==>VALIDATION SUCCESSFUL//ELEMENT IS ENABLED <==]]>
    </line>
    <line>
      <![CDATA[==>VALIDATION SUCCESSFUL//ELEMENT IS VISIBLE<==]]>
    </line>
    <line>
      <![CDATA[==>VALIDATION SUCCESSFUL//ELEMENT IS VISIBLE<==]]>
    </line>
    <line>
      <![CDATA[==>VALIDATION SUCCESSFUL//ELEMENT IS ENABLED <==]]>
    </line>
    <line>
      <![CDATA[==>VALIDATION SUCCESSFUL//ELEMENT IS VISIBLE<==]]>
    </line>
    <line>
      <![CDATA[==>VALIDATION SUCCESSFUL//ELEMENT IS VISIBLE<==]]>
    </line>
    <line>
      <![CDATA[==>VALIDATION SUCCESSFUL//ELEMENT IS ENABLED <==]]>
    </line>
    <line>
      <![CDATA[==>VALIDATION SUCCESSFUL//ELEMENT IS VISIBLE<==]]>
    </line>
    <line>
      <![CDATA[==>VALIDATION SUCCESSFUL//ELEMENT IS VISIBLE<==]]>
    </line>
    <line>
      <![CDATA[==>VALIDATION SUCCESSFUL//ELEMENT IS ENABLED <==]]>
    </line>
    <line>
      <![CDATA[==>VALIDATION SUCCESSFUL//ELEMENT IS VISIBLE<==]]>
    </line>
    <line>
      <![CDATA[==>VALIDATION SUCCESSFUL//ELEMENT IS VISIBLE<==]]>
    </line>
    <line>
      <![CDATA[==>VALIDATION SUCCESSFUL//ELEMENT IS ENABLED <==]]>
    </line>
    <line>
      <![CDATA[==>VALIDATION SUCCESSFUL//ELEMENT IS VISIBLE<==]]>
    </line>
    <line>
      <![CDATA[==>VALIDATION SUCCESSFUL//ELEMENT IS VISIBLE<==]]>
    </line>
    <line>
      <![CDATA[==>VALIDATION SUCCESSFUL//ELEMENT IS ENABLED <==]]>
    </line>
    <line>
      <![CDATA[==>VALIDATION SUCCESSFUL//ELEMENT IS VISIBLE<==]]>
    </line>
    <line>
      <![CDATA[==>VALIDATION SUCCESSFUL//ELEMENT IS VISIBLE<==]]>
    </line>
    <line>
      <![CDATA[==>VALIDATION SUCCESSFUL//ELEMENT IS ENABLED <==]]>
    </line>
    <line>
      <![CDATA[==>VALIDATION SUCCESSFUL//ELEMENT IS VISIBLE<==]]>
    </line>
    <line>
      <![CDATA[==>VALIDATION SUCCESSFUL//ELEMENT IS VISIBLE<==]]>
    </line>
    <line>
      <![CDATA[==>VALIDATION SUCCESSFUL//ELEMENT IS ENABLED <==]]>
    </line>
    <line>
      <![CDATA[==>VALIDATION SUCCESSFUL//ELEMENT IS VISIBLE<==]]>
    </line>
    <line>
      <![CDATA[==>VALIDATION SUCCESSFUL//ELEMENT IS VISIBLE<==]]>
    </line>
    <line>
      <![CDATA[==>VALIDATION SUCCESSFUL//ELEMENT IS ENABLED <==]]>
    </line>
    <line>
      <![CDATA[==>VALIDATION SUCCESSFUL//ELEMENT IS VISIBLE<==]]>
    </line>
    <line>
      <![CDATA[==>VALIDATION SUCCESSFUL//ELEMENT IS VISIBLE<==]]>
    </line>
    <line>
      <![CDATA[==>VALIDATION SUCCESSFUL//ELEMENT IS ENABLED <==]]>
    </line>
    <line>
      <![CDATA[==>VALIDATION SUCCESSFUL//ELEMENT IS VISIBLE<==]]>
    </line>
    <line>
      <![CDATA[==>VALIDATION SUCCESSFUL//ELEMENT IS VISIBLE<==]]>
    </line>
    <line>
      <![CDATA[==>VALIDATION SUCCESSFUL//ELEMENT IS VISIBLE<==]]>
    </line>
    <line>
      <![CDATA[==>VALIDATION SUCCESSFUL//ELEMENT IS ENABLED <==]]>
    </line>
    <line>
      <![CDATA[==>VALIDATION SUCCESSFUL//ELEMENT IS VISIBLE<==]]>
    </line>
    <line>
      <![CDATA[==>VALIDATION SUCCESSFUL//ELEMENT IS ENABLED <==]]>
    </line>
    <line>
      <![CDATA[==>VALIDATION SUCCESSFUL//ELEMENT IS VISIBLE<==]]>
    </line>
    <line>
      <![CDATA[==>VALIDATION SUCCESSFUL//ELEMENT IS ENABLED <==]]>
    </line>
    <line>
      <![CDATA[==>VALIDATION SUCCESSFUL//ELEMENT IS VISIBLE<==]]>
    </line>
    <line>
      <![CDATA[==>VALIDATION SUCCESSFUL//ELEMENT IS ENABLED <==]]>
    </line>
    <line>
      <![CDATA[==>VALIDATION SUCCESSFUL//ELEMENT IS VISIBLE<==]]>
    </line>
    <line>
      <![CDATA[==>VALIDATION SUCCESSFUL//ELEMENT IS ENABLED <==]]>
    </line>
    <line>
      <![CDATA[==>VALIDATION SUCCESSFUL//ELEMENT IS VISIBLE<==]]>
    </line>
    <line>
      <![CDATA[==>VALIDATION SUCCESSFUL//ELEMENT IS VISIBLE<==]]>
    </line>
    <line>
      <![CDATA[==>VALIDATION SUCCESSFUL//ELEMENT IS VISIBLE<==]]>
    </line>
    <line>
      <![CDATA[==>VALIDATION SUCCESSFUL//ELEMENT IS VISIBLE<==]]>
    </line>
    <line>
      <![CDATA[==>VALIDATION SUCCESSFUL//ELEMENT IS VISIBLE<==]]>
    </line>
    <line>
      <![CDATA[==>VALIDATION SUCCESSFUL//ELEMENT IS VISIBLE<==]]>
    </line>
    <line>
      <![CDATA[==>VALIDATION SUCCESSFUL//ELEMENT IS VISIBLE<==]]>
    </line>
    <line>
      <![CDATA[==>VALIDATION SUCCESSFUL//ELEMENT IS VISIBLE<==]]>
    </line>
    <line>
      <![CDATA[==>VALIDATION SUCCESSFUL//ELEMENT IS VISIBLE<==]]>
    </line>
    <line>
      <![CDATA[==>VALIDATION SUCCESSFUL//ELEMENT IS VISIBLE<==]]>
    </line>
    <line>
      <![CDATA[==>VALIDATION SUCCESSFUL//ELEMENT IS VISIBLE<==]]>
    </line>
    <line>
      <![CDATA[==>VALIDATION SUCCESSFUL//ELEMENT IS VISIBLE<==]]>
    </line>
  </reporter-output>
  <suite started-at="2025-02-09T16:45:30 IST" name="Default suite" finished-at="2025-02-09T16:54:01 IST" duration-ms="511102">
    <groups>
    </groups>
    <test started-at="2025-02-09T16:45:30 IST" name="Default test" finished-at="2025-02-09T16:54:01 IST" duration-ms="511102">
      <class name="GHMC_Birth_Certificate_Service.Birth_Application_01">
        <test-method is-config="true" signature="configBeforeSuite()[pri:0, instance:GHMC_Birth_Certificate_Service.Birth_Application_01@196a42c3]" started-at="2025-02-09T16:45:30 IST" name="configBeforeSuite" finished-at="2025-02-09T16:45:30 IST" duration-ms="8" status="PASS">
          <reporter-output>
          </reporter-output>
        </test-method> <!-- configBeforeSuite -->
        <test-method is-config="true" signature="beforeTest()[pri:0, instance:GHMC_Birth_Certificate_Service.Birth_Application_01@196a42c3]" started-at="2025-02-09T16:45:30 IST" name="beforeTest" finished-at="2025-02-09T16:45:30 IST" duration-ms="344" status="PASS">
          <reporter-output>
          </reporter-output>
        </test-method> <!-- beforeTest -->
        <test-method is-config="true" signature="configBeforeClass()[pri:0, instance:GHMC_Birth_Certificate_Service.Birth_Application_01@196a42c3]" started-at="2025-02-09T16:45:30 IST" name="configBeforeClass" finished-at="2025-02-09T16:45:33 IST" duration-ms="2845" status="PASS">
          <reporter-output>
          </reporter-output>
        </test-method> <!-- configBeforeClass -->
        <test-method is-config="true" signature="configBeforeMethod()[pri:0, instance:GHMC_Birth_Certificate_Service.Birth_Application_01@196a42c3]" started-at="2025-02-09T16:45:33 IST" name="configBeforeMethod" finished-at="2025-02-09T16:46:22 IST" duration-ms="48945" status="PASS">
          <reporter-output>
            <line>
              <![CDATA[==>VALIDATION SUCCESSFUL//ELEMENT IS VISIBLE<==]]>
            </line>
            <line>
              <![CDATA[==>VALIDATION SUCCESSFUL//ELEMENT IS ENABLED <==]]>
            </line>
          </reporter-output>
        </test-method> <!-- configBeforeMethod -->
        <test-method signature="birth_process_01()[pri:0, instance:GHMC_Birth_Certificate_Service.Birth_Application_01@196a42c3]" started-at="2025-02-09T16:46:22 IST" name="birth_process_01" finished-at="2025-02-09T16:54:01 IST" duration-ms="458497" status="PASS">
          <reporter-output>
            <line>
              <![CDATA[==>VALIDATION SUCCESSFUL//ELEMENT IS VISIBLE<==]]>
            </line>
            <line>
              <![CDATA[==>VALIDATION SUCCESSFUL//ELEMENT IS VISIBLE<==]]>
            </line>
            <line>
              <![CDATA[==>VALIDATION SUCCESSFUL//ELEMENT IS VISIBLE<==]]>
            </line>
            <line>
              <![CDATA[==>VALIDATION SUCCESSFUL//ELEMENT IS ENABLED <==]]>
            </line>
            <line>
              <![CDATA[==>VALIDATION SUCCESSFUL//ELEMENT IS VISIBLE<==]]>
            </line>
            <line>
              <![CDATA[==>VALIDATION SUCCESSFUL//ELEMENT IS VISIBLE<==]]>
            </line>
            <line>
              <![CDATA[==>VALIDATION SUCCESSFUL//ELEMENT IS ENABLED <==]]>
            </line>
            <line>
              <![CDATA[==>VALIDATION SUCCESSFUL//ELEMENT IS VISIBLE<==]]>
            </line>
            <line>
              <![CDATA[==>VALIDATION SUCCESSFUL//ELEMENT IS VISIBLE<==]]>
            </line>
            <line>
              <![CDATA[==>VALIDATION SUCCESSFUL//ELEMENT IS ENABLED <==]]>
            </line>
            <line>
              <![CDATA[==>VALIDATION SUCCESSFUL//ELEMENT IS VISIBLE<==]]>
            </line>
            <line>
              <![CDATA[==>VALIDATION SUCCESSFUL//ELEMENT IS VISIBLE<==]]>
            </line>
            <line>
              <![CDATA[==>VALIDATION SUCCESSFUL//ELEMENT IS VISIBLE<==]]>
            </line>
            <line>
              <![CDATA[==>VALIDATION SUCCESSFUL//ELEMENT IS VISIBLE<==]]>
            </line>
            <line>
              <![CDATA[==>VALIDATION SUCCESSFUL//ELEMENT IS VISIBLE<==]]>
            </line>
            <line>
              <![CDATA[==>VALIDATION SUCCESSFUL//ELEMENT IS VISIBLE<==]]>
            </line>
            <line>
              <![CDATA[==>VALIDATION SUCCESSFUL//ELEMENT IS VISIBLE<==]]>
            </line>
            <line>
              <![CDATA[==>VALIDATION SUCCESSFUL//ELEMENT IS VISIBLE<==]]>
            </line>
            <line>
              <![CDATA[==>VALIDATION SUCCESSFUL//ELEMENT IS VISIBLE<==]]>
            </line>
            <line>
              <![CDATA[==>VALIDATION SUCCESSFUL//ELEMENT IS VISIBLE<==]]>
            </line>
            <line>
              <![CDATA[==>VALIDATION SUCCESSFUL//ELEMENT IS VISIBLE<==]]>
            </line>
            <line>
              <![CDATA[==>VALIDATION SUCCESSFUL//ELEMENT IS VISIBLE<==]]>
            </line>
            <line>
              <![CDATA[==>VALIDATION SUCCESSFUL//ELEMENT IS ENABLED <==]]>
            </line>
            <line>
              <![CDATA[==>VALIDATION SUCCESSFUL//ELEMENT IS VISIBLE<==]]>
            </line>
            <line>
              <![CDATA[==>VALIDATION SUCCESSFUL//ELEMENT IS VISIBLE<==]]>
            </line>
            <line>
              <![CDATA[==>VALIDATION SUCCESSFUL//ELEMENT IS ENABLED <==]]>
            </line>
            <line>
              <![CDATA[==>VALIDATION SUCCESSFUL//ELEMENT IS VISIBLE<==]]>
            </line>
            <line>
              <![CDATA[==>VALIDATION SUCCESSFUL//ELEMENT IS VISIBLE<==]]>
            </line>
            <line>
              <![CDATA[==>VALIDATION SUCCESSFUL//ELEMENT IS ENABLED <==]]>
            </line>
            <line>
              <![CDATA[==>VALIDATION SUCCESSFUL//ELEMENT IS VISIBLE<==]]>
            </line>
            <line>
              <![CDATA[==>VALIDATION SUCCESSFUL//ELEMENT IS VISIBLE<==]]>
            </line>
            <line>
              <![CDATA[==>VALIDATION SUCCESSFUL//ELEMENT IS ENABLED <==]]>
            </line>
            <line>
              <![CDATA[==>VALIDATION SUCCESSFUL//ELEMENT IS VISIBLE<==]]>
            </line>
            <line>
              <![CDATA[==>VALIDATION SUCCESSFUL//ELEMENT IS VISIBLE<==]]>
            </line>
            <line>
              <![CDATA[==>VALIDATION SUCCESSFUL//ELEMENT IS ENABLED <==]]>
            </line>
            <line>
              <![CDATA[==>VALIDATION SUCCESSFUL//ELEMENT IS VISIBLE<==]]>
            </line>
            <line>
              <![CDATA[==>VALIDATION SUCCESSFUL//ELEMENT IS VISIBLE<==]]>
            </line>
            <line>
              <![CDATA[==>VALIDATION SUCCESSFUL//ELEMENT IS ENABLED <==]]>
            </line>
            <line>
              <![CDATA[==>VALIDATION SUCCESSFUL//ELEMENT IS VISIBLE<==]]>
            </line>
            <line>
              <![CDATA[==>VALIDATION SUCCESSFUL//ELEMENT IS VISIBLE<==]]>
            </line>
            <line>
              <![CDATA[==>VALIDATION SUCCESSFUL//ELEMENT IS ENABLED <==]]>
            </line>
            <line>
              <![CDATA[==>VALIDATION SUCCESSFUL//ELEMENT IS VISIBLE<==]]>
            </line>
            <line>
              <![CDATA[==>VALIDATION SUCCESSFUL//ELEMENT IS VISIBLE<==]]>
            </line>
            <line>
              <![CDATA[==>VALIDATION SUCCESSFUL//ELEMENT IS ENABLED <==]]>
            </line>
            <line>
              <![CDATA[==>VALIDATION SUCCESSFUL//ELEMENT IS VISIBLE<==]]>
            </line>
            <line>
              <![CDATA[==>VALIDATION SUCCESSFUL//ELEMENT IS VISIBLE<==]]>
            </line>
            <line>
              <![CDATA[==>VALIDATION SUCCESSFUL//ELEMENT IS ENABLED <==]]>
            </line>
            <line>
              <![CDATA[==>VALIDATION SUCCESSFUL//ELEMENT IS VISIBLE<==]]>
            </line>
            <line>
              <![CDATA[==>VALIDATION SUCCESSFUL//ELEMENT IS VISIBLE<==]]>
            </line>
            <line>
              <![CDATA[==>VALIDATION SUCCESSFUL//ELEMENT IS ENABLED <==]]>
            </line>
            <line>
              <![CDATA[==>VALIDATION SUCCESSFUL//ELEMENT IS VISIBLE<==]]>
            </line>
            <line>
              <![CDATA[==>VALIDATION SUCCESSFUL//ELEMENT IS VISIBLE<==]]>
            </line>
            <line>
              <![CDATA[==>VALIDATION SUCCESSFUL//ELEMENT IS ENABLED <==]]>
            </line>
            <line>
              <![CDATA[==>VALIDATION SUCCESSFUL//ELEMENT IS VISIBLE<==]]>
            </line>
            <line>
              <![CDATA[==>VALIDATION SUCCESSFUL//ELEMENT IS VISIBLE<==]]>
            </line>
            <line>
              <![CDATA[==>VALIDATION SUCCESSFUL//ELEMENT IS ENABLED <==]]>
            </line>
            <line>
              <![CDATA[==>VALIDATION SUCCESSFUL//ELEMENT IS VISIBLE<==]]>
            </line>
            <line>
              <![CDATA[==>VALIDATION FAIL//ELEMENT IS NOT VISIBLE<==]]>
            </line>
            <line>
              <![CDATA[==>VALIDATION SUCCESSFUL//ELEMENT IS ENABLED <==]]>
            </line>
            <line>
              <![CDATA[==>VALIDATION SUCCESSFUL//ELEMENT IS VISIBLE<==]]>
            </line>
            <line>
              <![CDATA[==>VALIDATION SUCCESSFUL//ELEMENT IS VISIBLE<==]]>
            </line>
            <line>
              <![CDATA[==>VALIDATION SUCCESSFUL//ELEMENT IS ENABLED <==]]>
            </line>
            <line>
              <![CDATA[==>VALIDATION SUCCESSFUL//ELEMENT IS VISIBLE<==]]>
            </line>
            <line>
              <![CDATA[==>VALIDATION SUCCESSFUL//ELEMENT IS VISIBLE<==]]>
            </line>
            <line>
              <![CDATA[==>VALIDATION SUCCESSFUL//ELEMENT IS ENABLED <==]]>
            </line>
            <line>
              <![CDATA[==>VALIDATION SUCCESSFUL//ELEMENT IS VISIBLE<==]]>
            </line>
            <line>
              <![CDATA[==>VALIDATION FAIL//ELEMENT IS NOT VISIBLE<==]]>
            </line>
            <line>
              <![CDATA[==>VALIDATION SUCCESSFUL//ELEMENT IS ENABLED <==]]>
            </line>
            <line>
              <![CDATA[==>VALIDATION SUCCESSFUL//ELEMENT IS VISIBLE<==]]>
            </line>
            <line>
              <![CDATA[==>VALIDATION SUCCESSFUL//ELEMENT IS VISIBLE<==]]>
            </line>
            <line>
              <![CDATA[==>VALIDATION SUCCESSFUL//ELEMENT IS VISIBLE<==]]>
            </line>
            <line>
              <![CDATA[==>VALIDATION SUCCESSFUL//ELEMENT IS ENABLED <==]]>
            </line>
            <line>
              <![CDATA[==>VALIDATION SUCCESSFUL//ELEMENT IS VISIBLE<==]]>
            </line>
            <line>
              <![CDATA[==>VALIDATION SUCCESSFUL//ELEMENT IS VISIBLE<==]]>
            </line>
            <line>
              <![CDATA[==>VALIDATION SUCCESSFUL//ELEMENT IS ENABLED <==]]>
            </line>
            <line>
              <![CDATA[==>VALIDATION SUCCESSFUL//ELEMENT IS VISIBLE<==]]>
            </line>
            <line>
              <![CDATA[==>VALIDATION SUCCESSFUL//ELEMENT IS VISIBLE<==]]>
            </line>
            <line>
              <![CDATA[==>VALIDATION SUCCESSFUL//ELEMENT IS ENABLED <==]]>
            </line>
            <line>
              <![CDATA[==>VALIDATION SUCCESSFUL//ELEMENT IS VISIBLE<==]]>
            </line>
            <line>
              <![CDATA[==>VALIDATION SUCCESSFUL//ELEMENT IS VISIBLE<==]]>
            </line>
            <line>
              <![CDATA[==>VALIDATION SUCCESSFUL//ELEMENT IS ENABLED <==]]>
            </line>
            <line>
              <![CDATA[==>VALIDATION SUCCESSFUL//ELEMENT IS VISIBLE<==]]>
            </line>
            <line>
              <![CDATA[==>VALIDATION SUCCESSFUL//ELEMENT IS VISIBLE<==]]>
            </line>
            <line>
              <![CDATA[==>VALIDATION SUCCESSFUL//ELEMENT IS ENABLED <==]]>
            </line>
            <line>
              <![CDATA[==>VALIDATION SUCCESSFUL//ELEMENT IS VISIBLE<==]]>
            </line>
            <line>
              <![CDATA[==>VALIDATION SUCCESSFUL//ELEMENT IS VISIBLE<==]]>
            </line>
            <line>
              <![CDATA[==>VALIDATION SUCCESSFUL//ELEMENT IS ENABLED <==]]>
            </line>
            <line>
              <![CDATA[==>VALIDATION SUCCESSFUL//ELEMENT IS VISIBLE<==]]>
            </line>
            <line>
              <![CDATA[==>VALIDATION SUCCESSFUL//ELEMENT IS VISIBLE<==]]>
            </line>
            <line>
              <![CDATA[==>VALIDATION SUCCESSFUL//ELEMENT IS ENABLED <==]]>
            </line>
            <line>
              <![CDATA[==>VALIDATION SUCCESSFUL//ELEMENT IS VISIBLE<==]]>
            </line>
            <line>
              <![CDATA[==>VALIDATION SUCCESSFUL//ELEMENT IS VISIBLE<==]]>
            </line>
            <line>
              <![CDATA[==>VALIDATION SUCCESSFUL//ELEMENT IS ENABLED <==]]>
            </line>
            <line>
              <![CDATA[==>VALIDATION SUCCESSFUL//ELEMENT IS VISIBLE<==]]>
            </line>
            <line>
              <![CDATA[==>VALIDATION SUCCESSFUL//ELEMENT IS VISIBLE<==]]>
            </line>
            <line>
              <![CDATA[==>VALIDATION SUCCESSFUL//ELEMENT IS ENABLED <==]]>
            </line>
            <line>
              <![CDATA[==>VALIDATION SUCCESSFUL//ELEMENT IS VISIBLE<==]]>
            </line>
            <line>
              <![CDATA[==>VALIDATION SUCCESSFUL//ELEMENT IS VISIBLE<==]]>
            </line>
            <line>
              <![CDATA[==>VALIDATION SUCCESSFUL//ELEMENT IS ENABLED <==]]>
            </line>
            <line>
              <![CDATA[==>VALIDATION SUCCESSFUL//ELEMENT IS VISIBLE<==]]>
            </line>
            <line>
              <![CDATA[==>VALIDATION SUCCESSFUL//ELEMENT IS VISIBLE<==]]>
            </line>
            <line>
              <![CDATA[==>VALIDATION SUCCESSFUL//ELEMENT IS ENABLED <==]]>
            </line>
            <line>
              <![CDATA[==>VALIDATION SUCCESSFUL//ELEMENT IS VISIBLE<==]]>
            </line>
            <line>
              <![CDATA[==>VALIDATION SUCCESSFUL//ELEMENT IS VISIBLE<==]]>
            </line>
            <line>
              <![CDATA[==>VALIDATION SUCCESSFUL//ELEMENT IS VISIBLE<==]]>
            </line>
            <line>
              <![CDATA[==>VALIDATION SUCCESSFUL//ELEMENT IS ENABLED <==]]>
            </line>
            <line>
              <![CDATA[==>VALIDATION SUCCESSFUL//ELEMENT IS VISIBLE<==]]>
            </line>
            <line>
              <![CDATA[==>VALIDATION SUCCESSFUL//ELEMENT IS ENABLED <==]]>
            </line>
            <line>
              <![CDATA[==>VALIDATION SUCCESSFUL//ELEMENT IS VISIBLE<==]]>
            </line>
            <line>
              <![CDATA[==>VALIDATION SUCCESSFUL//ELEMENT IS ENABLED <==]]>
            </line>
            <line>
              <![CDATA[==>VALIDATION SUCCESSFUL//ELEMENT IS VISIBLE<==]]>
            </line>
            <line>
              <![CDATA[==>VALIDATION SUCCESSFUL//ELEMENT IS ENABLED <==]]>
            </line>
            <line>
              <![CDATA[==>VALIDATION SUCCESSFUL//ELEMENT IS VISIBLE<==]]>
            </line>
            <line>
              <![CDATA[==>VALIDATION SUCCESSFUL//ELEMENT IS ENABLED <==]]>
            </line>
            <line>
              <![CDATA[==>VALIDATION SUCCESSFUL//ELEMENT IS VISIBLE<==]]>
            </line>
            <line>
              <![CDATA[==>VALIDATION SUCCESSFUL//ELEMENT IS VISIBLE<==]]>
            </line>
            <line>
              <![CDATA[==>VALIDATION SUCCESSFUL//ELEMENT IS VISIBLE<==]]>
            </line>
            <line>
              <![CDATA[==>VALIDATION SUCCESSFUL//ELEMENT IS VISIBLE<==]]>
            </line>
            <line>
              <![CDATA[==>VALIDATION SUCCESSFUL//ELEMENT IS VISIBLE<==]]>
            </line>
            <line>
              <![CDATA[==>VALIDATION SUCCESSFUL//ELEMENT IS VISIBLE<==]]>
            </line>
            <line>
              <![CDATA[==>VALIDATION SUCCESSFUL//ELEMENT IS VISIBLE<==]]>
            </line>
            <line>
              <![CDATA[==>VALIDATION SUCCESSFUL//ELEMENT IS VISIBLE<==]]>
            </line>
            <line>
              <![CDATA[==>VALIDATION SUCCESSFUL//ELEMENT IS VISIBLE<==]]>
            </line>
            <line>
              <![CDATA[==>VALIDATION SUCCESSFUL//ELEMENT IS VISIBLE<==]]>
            </line>
            <line>
              <![CDATA[==>VALIDATION SUCCESSFUL//ELEMENT IS VISIBLE<==]]>
            </line>
            <line>
              <![CDATA[==>VALIDATION SUCCESSFUL//ELEMENT IS VISIBLE<==]]>
            </line>
          </reporter-output>
        </test-method> <!-- birth_process_01 -->
        <test-method is-config="true" signature="configAfterMethod()[pri:0, instance:GHMC_Birth_Certificate_Service.Birth_Application_01@196a42c3]" started-at="2025-02-09T16:54:01 IST" name="configAfterMethod" finished-at="2025-02-09T16:54:01 IST" duration-ms="1" status="PASS">
          <reporter-output>
          </reporter-output>
        </test-method> <!-- configAfterMethod -->
        <test-method is-config="true" signature="configAfterClass()[pri:0, instance:GHMC_Birth_Certificate_Service.Birth_Application_01@196a42c3]" started-at="2025-02-09T16:54:01 IST" name="configAfterClass" finished-at="2025-02-09T16:54:01 IST" duration-ms="396" status="PASS">
          <reporter-output>
          </reporter-output>
        </test-method> <!-- configAfterClass -->
        <test-method is-config="true" signature="afterTest()[pri:0, instance:GHMC_Birth_Certificate_Service.Birth_Application_01@196a42c3]" started-at="2025-02-09T16:54:01 IST" name="afterTest" finished-at="2025-02-09T16:54:01 IST" duration-ms="17" status="PASS">
          <reporter-output>
          </reporter-output>
        </test-method> <!-- afterTest -->
        <test-method is-config="true" signature="configAfterSuite()[pri:0, instance:GHMC_Birth_Certificate_Service.Birth_Application_01@196a42c3]" started-at="2025-02-09T16:54:01 IST" name="configAfterSuite" finished-at="2025-02-09T16:54:01 IST" duration-ms="1" status="PASS">
          <reporter-output>
          </reporter-output>
        </test-method> <!-- configAfterSuite -->
      </class> <!-- GHMC_Birth_Certificate_Service.Birth_Application_01 -->
    </test> <!-- Default test -->
  </suite> <!-- Default suite -->
</testng-results>
