<?xml version="1.0" encoding="UTF-8"?>
<testng-results ignored="0" total="1" passed="0" failed="1" skipped="0">
  <reporter-output>
    <line>
      <![CDATA[==>VALIDATION SUCCESSFUL//ELEMENT IS VISIBLE<==]]>
    </line>
    <line>
      <![CDATA[==>VALIDATION SUCCESSFUL//ELEMENT IS ENABLED <==]]>
    </line>
    <line>
      <![CDATA[==>VALIDATION SUCCESSFUL//ELEMENT IS VISIBLE<==]]>
    </line>
    <line>
      <![CDATA[==>VALIDATION SUCCESSFUL//ELEMENT IS VISIBLE<==]]>
    </line>
    <line>
      <![CDATA[==>VALIDATION SUCCESSFUL//ELEMENT IS VISIBLE<==]]>
    </line>
    <line>
      <![CDATA[==>VALIDATION SUCCESSFUL//ELEMENT IS VISIBLE<==]]>
    </line>
    <line>
      <![CDATA[==>VALIDATION SUCCESSFUL//ELEMENT IS VISIBLE<==]]>
    </line>
    <line>
      <![CDATA[==>VALIDATION SUCCESSFUL//ELEMENT IS VISIBLE<==]]>
    </line>
    <line>
      <![CDATA[==>VALIDATION SUCCESSFUL//ELEMENT IS ENABLED <==]]>
    </line>
    <line>
      <![CDATA[==>VALIDATION SUCCESSFUL//ELEMENT IS VISIBLE<==]]>
    </line>
    <line>
      <![CDATA[==>VALIDATION SUCCESSFUL//ELEMENT IS VISIBLE<==]]>
    </line>
    <line>
      <![CDATA[==>VALIDATION SUCCESSFUL//ELEMENT IS ENABLED <==]]>
    </line>
    <line>
      <![CDATA[==>VALIDATION SUCCESSFUL//ELEMENT IS VISIBLE<==]]>
    </line>
    <line>
      <![CDATA[==>VALIDATION SUCCESSFUL//ELEMENT IS VISIBLE<==]]>
    </line>
    <line>
      <![CDATA[==>VALIDATION SUCCESSFUL//ELEMENT IS ENABLED <==]]>
    </line>
    <line>
      <![CDATA[==>VALIDATION SUCCESSFUL//ELEMENT IS VISIBLE<==]]>
    </line>
    <line>
      <![CDATA[==>VALIDATION SUCCESSFUL//ELEMENT IS VISIBLE<==]]>
    </line>
    <line>
      <![CDATA[==>VALIDATION SUCCESSFUL//ELEMENT IS ENABLED <==]]>
    </line>
    <line>
      <![CDATA[==>VALIDATION SUCCESSFUL//ELEMENT IS VISIBLE<==]]>
    </line>
    <line>
      <![CDATA[==>VALIDATION SUCCESSFUL//ELEMENT IS VISIBLE<==]]>
    </line>
    <line>
      <![CDATA[==>VALIDATION SUCCESSFUL//ELEMENT IS ENABLED <==]]>
    </line>
    <line>
      <![CDATA[==>VALIDATION SUCCESSFUL//ELEMENT IS VISIBLE<==]]>
    </line>
    <line>
      <![CDATA[==>VALIDATION SUCCESSFUL//ELEMENT IS VISIBLE<==]]>
    </line>
    <line>
      <![CDATA[==>VALIDATION SUCCESSFUL//ELEMENT IS ENABLED <==]]>
    </line>
    <line>
      <![CDATA[==>VALIDATION SUCCESSFUL//ELEMENT IS VISIBLE<==]]>
    </line>
    <line>
      <![CDATA[==>VALIDATION SUCCESSFUL//ELEMENT IS VISIBLE<==]]>
    </line>
    <line>
      <![CDATA[==>VALIDATION SUCCESSFUL//ELEMENT IS VISIBLE<==]]>
    </line>
    <line>
      <![CDATA[==>VALIDATION SUCCESSFUL//ELEMENT IS ENABLED <==]]>
    </line>
    <line>
      <![CDATA[==>VALIDATION SUCCESSFUL//ELEMENT IS VISIBLE<==]]>
    </line>
    <line>
      <![CDATA[==>VALIDATION SUCCESSFUL//ELEMENT IS VISIBLE<==]]>
    </line>
    <line>
      <![CDATA[==>VALIDATION SUCCESSFUL//ELEMENT IS ENABLED <==]]>
    </line>
    <line>
      <![CDATA[==>VALIDATION SUCCESSFUL//ELEMENT IS VISIBLE<==]]>
    </line>
    <line>
      <![CDATA[==>VALIDATION SUCCESSFUL//ELEMENT IS VISIBLE<==]]>
    </line>
    <line>
      <![CDATA[==>VALIDATION SUCCESSFUL//ELEMENT IS ENABLED <==]]>
    </line>
    <line>
      <![CDATA[==>VALIDATION SUCCESSFUL//ELEMENT IS VISIBLE<==]]>
    </line>
    <line>
      <![CDATA[==>VALIDATION SUCCESSFUL//ELEMENT IS VISIBLE<==]]>
    </line>
    <line>
      <![CDATA[==>VALIDATION SUCCESSFUL//ELEMENT IS ENABLED <==]]>
    </line>
    <line>
      <![CDATA[==>VALIDATION SUCCESSFUL//ELEMENT IS VISIBLE<==]]>
    </line>
    <line>
      <![CDATA[==>VALIDATION SUCCESSFUL//ELEMENT IS VISIBLE<==]]>
    </line>
    <line>
      <![CDATA[==>VALIDATION SUCCESSFUL//ELEMENT IS ENABLED <==]]>
    </line>
    <line>
      <![CDATA[==>VALIDATION SUCCESSFUL//ELEMENT IS VISIBLE<==]]>
    </line>
    <line>
      <![CDATA[==>VALIDATION SUCCESSFUL//ELEMENT IS VISIBLE<==]]>
    </line>
    <line>
      <![CDATA[==>VALIDATION SUCCESSFUL//ELEMENT IS ENABLED <==]]>
    </line>
    <line>
      <![CDATA[==>VALIDATION SUCCESSFUL//ELEMENT IS VISIBLE<==]]>
    </line>
    <line>
      <![CDATA[==>VALIDATION SUCCESSFUL//ELEMENT IS VISIBLE<==]]>
    </line>
    <line>
      <![CDATA[==>VALIDATION SUCCESSFUL//ELEMENT IS ENABLED <==]]>
    </line>
    <line>
      <![CDATA[==>VALIDATION SUCCESSFUL//ELEMENT IS VISIBLE<==]]>
    </line>
    <line>
      <![CDATA[==>VALIDATION SUCCESSFUL//ELEMENT IS VISIBLE<==]]>
    </line>
    <line>
      <![CDATA[==>VALIDATION SUCCESSFUL//ELEMENT IS VISIBLE<==]]>
    </line>
    <line>
      <![CDATA[==>VALIDATION SUCCESSFUL//ELEMENT IS ENABLED <==]]>
    </line>
    <line>
      <![CDATA[==>VALIDATION SUCCESSFUL//ELEMENT IS VISIBLE<==]]>
    </line>
    <line>
      <![CDATA[==>VALIDATION SUCCESSFUL//ELEMENT IS VISIBLE<==]]>
    </line>
    <line>
      <![CDATA[==>VALIDATION SUCCESSFUL//ELEMENT IS ENABLED <==]]>
    </line>
    <line>
      <![CDATA[==>VALIDATION SUCCESSFUL//ELEMENT IS VISIBLE<==]]>
    </line>
    <line>
      <![CDATA[==>VALIDATION SUCCESSFUL//ELEMENT IS VISIBLE<==]]>
    </line>
    <line>
      <![CDATA[==>VALIDATION SUCCESSFUL//ELEMENT IS ENABLED <==]]>
    </line>
    <line>
      <![CDATA[==>VALIDATION SUCCESSFUL//ELEMENT IS VISIBLE<==]]>
    </line>
    <line>
      <![CDATA[==>VALIDATION SUCCESSFUL//ELEMENT IS ENABLED <==]]>
    </line>
  </reporter-output>
  <suite started-at="2025-02-07T18:52:37 IST" name="Default suite" finished-at="2025-02-07T18:54:54 IST" duration-ms="137506">
    <groups>
    </groups>
    <test started-at="2025-02-07T18:52:37 IST" name="Default test" finished-at="2025-02-07T18:54:54 IST" duration-ms="137506">
      <class name="Revenue_Residence_Certificate_Service.residence_application_01">
        <test-method is-config="true" signature="configBeforeSuite()[pri:0, instance:Revenue_Residence_Certificate_Service.residence_application_01@62ddbd7e]" started-at="2025-02-07T18:52:37 IST" name="configBeforeSuite" finished-at="2025-02-07T18:52:37 IST" duration-ms="5" status="PASS">
          <reporter-output>
          </reporter-output>
        </test-method> <!-- configBeforeSuite -->
        <test-method is-config="true" signature="beforeTest()[pri:0, instance:Revenue_Residence_Certificate_Service.residence_application_01@62ddbd7e]" started-at="2025-02-07T18:52:37 IST" name="beforeTest" finished-at="2025-02-07T18:52:37 IST" duration-ms="201" status="PASS">
          <reporter-output>
          </reporter-output>
        </test-method> <!-- beforeTest -->
        <test-method is-config="true" signature="configBeforeClass()[pri:0, instance:Revenue_Residence_Certificate_Service.residence_application_01@62ddbd7e]" started-at="2025-02-07T18:52:37 IST" name="configBeforeClass" finished-at="2025-02-07T18:52:38 IST" duration-ms="1550" status="PASS">
          <reporter-output>
          </reporter-output>
        </test-method> <!-- configBeforeClass -->
        <test-method is-config="true" signature="configBeforeMethod()[pri:0, instance:Revenue_Residence_Certificate_Service.residence_application_01@62ddbd7e]" started-at="2025-02-07T18:52:38 IST" name="configBeforeMethod" finished-at="2025-02-07T18:53:28 IST" duration-ms="49393" status="PASS">
          <reporter-output>
            <line>
              <![CDATA[==>VALIDATION SUCCESSFUL//ELEMENT IS VISIBLE<==]]>
            </line>
            <line>
              <![CDATA[==>VALIDATION SUCCESSFUL//ELEMENT IS ENABLED <==]]>
            </line>
          </reporter-output>
        </test-method> <!-- configBeforeMethod -->
        <test-method signature="residence_process_01()[pri:0, instance:Revenue_Residence_Certificate_Service.residence_application_01@62ddbd7e]" started-at="2025-02-07T18:53:28 IST" name="residence_process_01" finished-at="2025-02-07T18:54:54 IST" duration-ms="86075" status="FAIL">
          <exception class="org.openqa.selenium.NoAlertPresentException">
            <message>
              <![CDATA[no such alert
  (Session info: chrome=132.0.6834.162)
Build info: version: '4.11.0', revision: '040bc5406b'
System info: os.name: 'Windows 11', os.arch: 'amd64', os.version: '10.0', java.version: '23.0.1'
Driver info: org.openqa.selenium.chrome.ChromeDriver
Command: [70749a78372e0774a6f04b6215376bf4, getAlertText {}]
Capabilities {acceptInsecureCerts: false, browserName: chrome, browserVersion: 132.0.6834.162, chrome: {chromedriverVersion: 132.0.6834.159 (2d77d3fc445..., userDataDir: C:\Users\HARSHI~1\AppData\L...}, fedcm:accounts: true, goog:chromeOptions: {debuggerAddress: localhost:63123}, networkConnectionEnabled: false, pageLoadStrategy: normal, platformName: windows, proxy: Proxy(), se:cdp: ws://localhost:63123/devtoo..., se:cdpVersion: 132.0.6834.162, setWindowRect: true, strictFileInteractability: false, timeouts: {implicit: 0, pageLoad: 300000, script: 30000}, unhandledPromptBehavior: dismiss and notify, webauthn:extension:credBlob: true, webauthn:extension:largeBlob: true, webauthn:extension:minPinLength: true, webauthn:extension:prf: true, webauthn:virtualAuthenticators: true}
Session ID: 70749a78372e0774a6f04b6215376bf4]]>
            </message>
            <full-stacktrace>
              <![CDATA[org.openqa.selenium.NoAlertPresentException: no such alert
  (Session info: chrome=132.0.6834.162)
Build info: version: '4.11.0', revision: '040bc5406b'
System info: os.name: 'Windows 11', os.arch: 'amd64', os.version: '10.0', java.version: '23.0.1'
Driver info: org.openqa.selenium.chrome.ChromeDriver
Command: [70749a78372e0774a6f04b6215376bf4, getAlertText {}]
Capabilities {acceptInsecureCerts: false, browserName: chrome, browserVersion: 132.0.6834.162, chrome: {chromedriverVersion: 132.0.6834.159 (2d77d3fc445..., userDataDir: C:\Users\HARSHI~1\AppData\L...}, fedcm:accounts: true, goog:chromeOptions: {debuggerAddress: localhost:63123}, networkConnectionEnabled: false, pageLoadStrategy: normal, platformName: windows, proxy: Proxy(), se:cdp: ws://localhost:63123/devtoo..., se:cdpVersion: 132.0.6834.162, setWindowRect: true, strictFileInteractability: false, timeouts: {implicit: 0, pageLoad: 300000, script: 30000}, unhandledPromptBehavior: dismiss and notify, webauthn:extension:credBlob: true, webauthn:extension:largeBlob: true, webauthn:extension:minPinLength: true, webauthn:extension:prf: true, webauthn:virtualAuthenticators: true}
Session ID: 70749a78372e0774a6f04b6215376bf4
at java.base/jdk.internal.reflect.DirectConstructorHandleAccessor.newInstance(DirectConstructorHandleAccessor.java:62)
at java.base/java.lang.reflect.Constructor.newInstanceWithCaller(Constructor.java:501)
at java.base/java.lang.reflect.Constructor.newInstance(Constructor.java:485)
at org.openqa.selenium.remote.codec.w3c.W3CHttpResponseCodec.createException(W3CHttpResponseCodec.java:200)
at org.openqa.selenium.remote.codec.w3c.W3CHttpResponseCodec.decode(W3CHttpResponseCodec.java:133)
at org.openqa.selenium.remote.codec.w3c.W3CHttpResponseCodec.decode(W3CHttpResponseCodec.java:52)
at org.openqa.selenium.remote.HttpCommandExecutor.execute(HttpCommandExecutor.java:191)
at org.openqa.selenium.remote.service.DriverCommandExecutor.invokeExecute(DriverCommandExecutor.java:196)
at org.openqa.selenium.remote.service.DriverCommandExecutor.execute(DriverCommandExecutor.java:171)
at org.openqa.selenium.remote.RemoteWebDriver.execute(RemoteWebDriver.java:518)
at org.openqa.selenium.remote.RemoteWebDriver.execute(RemoteWebDriver.java:591)
at org.openqa.selenium.remote.RemoteWebDriver.execute(RemoteWebDriver.java:595)
at org.openqa.selenium.remote.RemoteWebDriver$RemoteTargetLocator.alert(RemoteWebDriver.java:1107)
at webdriver_utility.Webdriver_Utility.switchToAlertAndAccept(Webdriver_Utility.java:152)
at Revenue_Residence_Certificate_Service.residence_application_01.residence_process_01(residence_application_01.java:226)
at java.base/jdk.internal.reflect.DirectMethodHandleAccessor.invoke(DirectMethodHandleAccessor.java:103)
at java.base/java.lang.reflect.Method.invoke(Method.java:580)
at org.testng.internal.MethodInvocationHelper.invokeMethod(MethodInvocationHelper.java:133)
at org.testng.internal.TestInvoker.invokeMethod(TestInvoker.java:598)
at org.testng.internal.TestInvoker.invokeTestMethod(TestInvoker.java:173)
at org.testng.internal.MethodRunner.runInSequence(MethodRunner.java:46)
at org.testng.internal.TestInvoker$MethodInvocationAgent.invoke(TestInvoker.java:824)
at org.testng.internal.TestInvoker.invokeTestMethods(TestInvoker.java:146)
at org.testng.internal.TestMethodWorker.invokeTestMethods(TestMethodWorker.java:146)
at org.testng.internal.TestMethodWorker.run(TestMethodWorker.java:128)
at java.base/java.util.ArrayList.forEach(ArrayList.java:1597)
at org.testng.TestRunner.privateRun(TestRunner.java:794)
at org.testng.TestRunner.run(TestRunner.java:596)
at org.testng.SuiteRunner.runTest(SuiteRunner.java:377)
at org.testng.SuiteRunner.runSequentially(SuiteRunner.java:371)
at org.testng.SuiteRunner.privateRun(SuiteRunner.java:332)
at org.testng.SuiteRunner.run(SuiteRunner.java:276)
at org.testng.SuiteRunnerWorker.runSuite(SuiteRunnerWorker.java:53)
at org.testng.SuiteRunnerWorker.run(SuiteRunnerWorker.java:96)
at org.testng.TestNG.runSuitesSequentially(TestNG.java:1212)
at org.testng.TestNG.runSuitesLocally(TestNG.java:1134)
at org.testng.TestNG.runSuites(TestNG.java:1063)
at org.testng.TestNG.run(TestNG.java:1031)
at org.testng.remote.AbstractRemoteTestNG.run(AbstractRemoteTestNG.java:115)
at org.testng.remote.RemoteTestNG.initAndRun(RemoteTestNG.java:293)
at org.testng.remote.RemoteTestNG.main(RemoteTestNG.java:91)
]]>
            </full-stacktrace>
          </exception> <!-- org.openqa.selenium.NoAlertPresentException -->
          <reporter-output>
            <line>
              <![CDATA[==>VALIDATION SUCCESSFUL//ELEMENT IS VISIBLE<==]]>
            </line>
            <line>
              <![CDATA[==>VALIDATION SUCCESSFUL//ELEMENT IS VISIBLE<==]]>
            </line>
            <line>
              <![CDATA[==>VALIDATION SUCCESSFUL//ELEMENT IS VISIBLE<==]]>
            </line>
            <line>
              <![CDATA[==>VALIDATION SUCCESSFUL//ELEMENT IS VISIBLE<==]]>
            </line>
            <line>
              <![CDATA[==>VALIDATION SUCCESSFUL//ELEMENT IS VISIBLE<==]]>
            </line>
            <line>
              <![CDATA[==>VALIDATION SUCCESSFUL//ELEMENT IS VISIBLE<==]]>
            </line>
            <line>
              <![CDATA[==>VALIDATION SUCCESSFUL//ELEMENT IS ENABLED <==]]>
            </line>
            <line>
              <![CDATA[==>VALIDATION SUCCESSFUL//ELEMENT IS VISIBLE<==]]>
            </line>
            <line>
              <![CDATA[==>VALIDATION SUCCESSFUL//ELEMENT IS VISIBLE<==]]>
            </line>
            <line>
              <![CDATA[==>VALIDATION SUCCESSFUL//ELEMENT IS ENABLED <==]]>
            </line>
            <line>
              <![CDATA[==>VALIDATION SUCCESSFUL//ELEMENT IS VISIBLE<==]]>
            </line>
            <line>
              <![CDATA[==>VALIDATION SUCCESSFUL//ELEMENT IS VISIBLE<==]]>
            </line>
            <line>
              <![CDATA[==>VALIDATION SUCCESSFUL//ELEMENT IS ENABLED <==]]>
            </line>
            <line>
              <![CDATA[==>VALIDATION SUCCESSFUL//ELEMENT IS VISIBLE<==]]>
            </line>
            <line>
              <![CDATA[==>VALIDATION SUCCESSFUL//ELEMENT IS VISIBLE<==]]>
            </line>
            <line>
              <![CDATA[==>VALIDATION SUCCESSFUL//ELEMENT IS ENABLED <==]]>
            </line>
            <line>
              <![CDATA[==>VALIDATION SUCCESSFUL//ELEMENT IS VISIBLE<==]]>
            </line>
            <line>
              <![CDATA[==>VALIDATION SUCCESSFUL//ELEMENT IS VISIBLE<==]]>
            </line>
            <line>
              <![CDATA[==>VALIDATION SUCCESSFUL//ELEMENT IS ENABLED <==]]>
            </line>
            <line>
              <![CDATA[==>VALIDATION SUCCESSFUL//ELEMENT IS VISIBLE<==]]>
            </line>
            <line>
              <![CDATA[==>VALIDATION SUCCESSFUL//ELEMENT IS VISIBLE<==]]>
            </line>
            <line>
              <![CDATA[==>VALIDATION SUCCESSFUL//ELEMENT IS ENABLED <==]]>
            </line>
            <line>
              <![CDATA[==>VALIDATION SUCCESSFUL//ELEMENT IS VISIBLE<==]]>
            </line>
            <line>
              <![CDATA[==>VALIDATION SUCCESSFUL//ELEMENT IS VISIBLE<==]]>
            </line>
            <line>
              <![CDATA[==>VALIDATION SUCCESSFUL//ELEMENT IS VISIBLE<==]]>
            </line>
            <line>
              <![CDATA[==>VALIDATION SUCCESSFUL//ELEMENT IS ENABLED <==]]>
            </line>
            <line>
              <![CDATA[==>VALIDATION SUCCESSFUL//ELEMENT IS VISIBLE<==]]>
            </line>
            <line>
              <![CDATA[==>VALIDATION SUCCESSFUL//ELEMENT IS VISIBLE<==]]>
            </line>
            <line>
              <![CDATA[==>VALIDATION SUCCESSFUL//ELEMENT IS ENABLED <==]]>
            </line>
            <line>
              <![CDATA[==>VALIDATION SUCCESSFUL//ELEMENT IS VISIBLE<==]]>
            </line>
            <line>
              <![CDATA[==>VALIDATION SUCCESSFUL//ELEMENT IS VISIBLE<==]]>
            </line>
            <line>
              <![CDATA[==>VALIDATION SUCCESSFUL//ELEMENT IS ENABLED <==]]>
            </line>
            <line>
              <![CDATA[==>VALIDATION SUCCESSFUL//ELEMENT IS VISIBLE<==]]>
            </line>
            <line>
              <![CDATA[==>VALIDATION SUCCESSFUL//ELEMENT IS VISIBLE<==]]>
            </line>
            <line>
              <![CDATA[==>VALIDATION SUCCESSFUL//ELEMENT IS ENABLED <==]]>
            </line>
            <line>
              <![CDATA[==>VALIDATION SUCCESSFUL//ELEMENT IS VISIBLE<==]]>
            </line>
            <line>
              <![CDATA[==>VALIDATION SUCCESSFUL//ELEMENT IS VISIBLE<==]]>
            </line>
            <line>
              <![CDATA[==>VALIDATION SUCCESSFUL//ELEMENT IS ENABLED <==]]>
            </line>
            <line>
              <![CDATA[==>VALIDATION SUCCESSFUL//ELEMENT IS VISIBLE<==]]>
            </line>
            <line>
              <![CDATA[==>VALIDATION SUCCESSFUL//ELEMENT IS VISIBLE<==]]>
            </line>
            <line>
              <![CDATA[==>VALIDATION SUCCESSFUL//ELEMENT IS ENABLED <==]]>
            </line>
            <line>
              <![CDATA[==>VALIDATION SUCCESSFUL//ELEMENT IS VISIBLE<==]]>
            </line>
            <line>
              <![CDATA[==>VALIDATION SUCCESSFUL//ELEMENT IS VISIBLE<==]]>
            </line>
            <line>
              <![CDATA[==>VALIDATION SUCCESSFUL//ELEMENT IS ENABLED <==]]>
            </line>
            <line>
              <![CDATA[==>VALIDATION SUCCESSFUL//ELEMENT IS VISIBLE<==]]>
            </line>
            <line>
              <![CDATA[==>VALIDATION SUCCESSFUL//ELEMENT IS VISIBLE<==]]>
            </line>
            <line>
              <![CDATA[==>VALIDATION SUCCESSFUL//ELEMENT IS VISIBLE<==]]>
            </line>
            <line>
              <![CDATA[==>VALIDATION SUCCESSFUL//ELEMENT IS ENABLED <==]]>
            </line>
            <line>
              <![CDATA[==>VALIDATION SUCCESSFUL//ELEMENT IS VISIBLE<==]]>
            </line>
            <line>
              <![CDATA[==>VALIDATION SUCCESSFUL//ELEMENT IS VISIBLE<==]]>
            </line>
            <line>
              <![CDATA[==>VALIDATION SUCCESSFUL//ELEMENT IS ENABLED <==]]>
            </line>
            <line>
              <![CDATA[==>VALIDATION SUCCESSFUL//ELEMENT IS VISIBLE<==]]>
            </line>
            <line>
              <![CDATA[==>VALIDATION SUCCESSFUL//ELEMENT IS VISIBLE<==]]>
            </line>
            <line>
              <![CDATA[==>VALIDATION SUCCESSFUL//ELEMENT IS ENABLED <==]]>
            </line>
            <line>
              <![CDATA[==>VALIDATION SUCCESSFUL//ELEMENT IS VISIBLE<==]]>
            </line>
            <line>
              <![CDATA[==>VALIDATION SUCCESSFUL//ELEMENT IS ENABLED <==]]>
            </line>
          </reporter-output>
        </test-method> <!-- residence_process_01 -->
        <test-method is-config="true" signature="configAfterMethod()[pri:0, instance:Revenue_Residence_Certificate_Service.residence_application_01@62ddbd7e]" started-at="2025-02-07T18:54:54 IST" name="configAfterMethod" finished-at="2025-02-07T18:54:54 IST" duration-ms="0" status="PASS">
          <reporter-output>
          </reporter-output>
        </test-method> <!-- configAfterMethod -->
        <test-method is-config="true" signature="configAfterClass()[pri:0, instance:Revenue_Residence_Certificate_Service.residence_application_01@62ddbd7e]" started-at="2025-02-07T18:54:54 IST" name="configAfterClass" finished-at="2025-02-07T18:54:54 IST" duration-ms="259" status="PASS">
          <reporter-output>
          </reporter-output>
        </test-method> <!-- configAfterClass -->
        <test-method is-config="true" signature="afterTest()[pri:0, instance:Revenue_Residence_Certificate_Service.residence_application_01@62ddbd7e]" started-at="2025-02-07T18:54:54 IST" name="afterTest" finished-at="2025-02-07T18:54:54 IST" duration-ms="4" status="PASS">
          <reporter-output>
          </reporter-output>
        </test-method> <!-- afterTest -->
        <test-method is-config="true" signature="configAfterSuite()[pri:0, instance:Revenue_Residence_Certificate_Service.residence_application_01@62ddbd7e]" started-at="2025-02-07T18:54:54 IST" name="configAfterSuite" finished-at="2025-02-07T18:54:54 IST" duration-ms="0" status="PASS">
          <reporter-output>
          </reporter-output>
        </test-method> <!-- configAfterSuite -->
      </class> <!-- Revenue_Residence_Certificate_Service.residence_application_01 -->
    </test> <!-- Default test -->
  </suite> <!-- Default suite -->
</testng-results>
